# JRE version: OpenJDK Runtime Environment (21.0.6) (build 21.0.6+-13391695-b895.109)
# Java VM: OpenJDK 64-Bit Server VM (21.0.6+-13391695-b895.109, mixed mode, tiered, compressed oops, compressed class ptrs, g1 gc, windows-amd64)
GC Precious Log:
 CardTable entry size: 512
 Card Set container configuration: InlinePtr #cards 5 size 8 Array Of Cards #cards 12 size 40 Howl #buckets 4 coarsen threshold 1843 Howl Bitmap #cards 512 size 80 coarsen threshold 460 Card regions per heap region 1 cards per card region 2048
 CPUs: 8 total, 8 available
 Memory: 6082M
 Large Page Support: Disabled
 NUMA Support: Disabled
 Compressed Oops: Enabled (32-bit)
 Heap Region Size: 1M
 Heap Min Capacity: 8M
 Heap Initial Capacity: 96M
 Heap Max Capacity: 2G
 Pre-touch: Disabled
 Parallel Workers: 8
 Concurrent Workers: 2
 Concurrent Refinement Workers: 8
 Periodic GC: Disabled
Heap:
 garbage-first heap   total 394240K, used 309703K [0x0000000080000000, 0x0000000100000000)
  region size 1024K, 75 young (76800K), 2 survivors (2048K)
 Metaspace       used 173396K, committed 176000K, reserved 1245184K
  class space    used 22078K, committed 23424K, reserved 1048576K
GC Heap History (20 events):
Event: 63.998 GC heap before
{Heap before GC invocations=46 (full 0):
 garbage-first heap   total 291840K, used 260604K [0x0000000080000000, 0x0000000100000000)
  region size 1024K, 87 young (89088K), 8 survivors (8192K)
 Metaspace       used 121978K, committed 124224K, reserved 1179648K
  class space    used 16101K, committed 17216K, reserved 1048576K
}
Event: 64.012 GC heap after
{Heap after GC invocations=47 (full 0):
 garbage-first heap   total 291840K, used 183288K [0x0000000080000000, 0x0000000100000000)
  region size 1024K, 9 young (9216K), 9 survivors (9216K)
 Metaspace       used 121978K, committed 124224K, reserved 1179648K
  class space    used 16101K, committed 17216K, reserved 1048576K
}
Event: 67.751 GC heap before
{Heap before GC invocations=47 (full 0):
 garbage-first heap   total 291840K, used 267256K [0x0000000080000000, 0x0000000100000000)
  region size 1024K, 91 young (93184K), 9 survivors (9216K)
 Metaspace       used 134734K, committed 136960K, reserved 1179648K
  class space    used 17398K, committed 18496K, reserved 1048576K
}
Event: 67.771 GC heap after
{Heap after GC invocations=48 (full 0):
 garbage-first heap   total 291840K, used 186368K [0x0000000080000000, 0x0000000100000000)
  region size 1024K, 9 young (9216K), 9 survivors (9216K)
 Metaspace       used 134734K, committed 136960K, reserved 1179648K
  class space    used 17398K, committed 18496K, reserved 1048576K
}
Event: 74.288 GC heap before
{Heap before GC invocations=48 (full 0):
 garbage-first heap   total 291840K, used 274432K [0x0000000080000000, 0x0000000100000000)
  region size 1024K, 88 young (90112K), 9 survivors (9216K)
 Metaspace       used 140506K, committed 142784K, reserved 1179648K
  class space    used 18030K, committed 19200K, reserved 1048576K
}
Event: 74.318 GC heap after
{Heap after GC invocations=49 (full 0):
 garbage-first heap   total 292864K, used 199632K [0x0000000080000000, 0x0000000100000000)
  region size 1024K, 11 young (11264K), 11 survivors (11264K)
 Metaspace       used 140506K, committed 142784K, reserved 1179648K
  class space    used 18030K, committed 19200K, reserved 1048576K
}
Event: 79.192 GC heap before
{Heap before GC invocations=49 (full 0):
 garbage-first heap   total 292864K, used 266192K [0x0000000080000000, 0x0000000100000000)
  region size 1024K, 76 young (77824K), 11 survivors (11264K)
 Metaspace       used 147563K, committed 149952K, reserved 1179648K
  class space    used 18855K, committed 20032K, reserved 1048576K
}
Event: 79.210 GC heap after
{Heap after GC invocations=50 (full 0):
 garbage-first heap   total 292864K, used 202945K [0x0000000080000000, 0x0000000100000000)
  region size 1024K, 4 young (4096K), 4 survivors (4096K)
 Metaspace       used 147563K, committed 149952K, reserved 1179648K
  class space    used 18855K, committed 20032K, reserved 1048576K
}
Event: 85.864 GC heap before
{Heap before GC invocations=51 (full 0):
 garbage-first heap   total 339968K, used 273601K [0x0000000080000000, 0x0000000100000000)
  region size 1024K, 69 young (70656K), 4 survivors (4096K)
 Metaspace       used 152375K, committed 154752K, reserved 1245184K
  class space    used 19458K, committed 20672K, reserved 1048576K
}
Event: 85.874 GC heap after
{Heap after GC invocations=52 (full 0):
 garbage-first heap   total 339968K, used 209267K [0x0000000080000000, 0x0000000100000000)
  region size 1024K, 9 young (9216K), 9 survivors (9216K)
 Metaspace       used 152375K, committed 154752K, reserved 1245184K
  class space    used 19458K, committed 20672K, reserved 1048576K
}
Event: 104.231 GC heap before
{Heap before GC invocations=52 (full 0):
 garbage-first heap   total 339968K, used 314739K [0x0000000080000000, 0x0000000100000000)
  region size 1024K, 109 young (111616K), 9 survivors (9216K)
 Metaspace       used 159312K, committed 161728K, reserved 1245184K
  class space    used 20410K, committed 21632K, reserved 1048576K
}
Event: 104.264 GC heap after
{Heap after GC invocations=53 (full 0):
 garbage-first heap   total 339968K, used 217094K [0x0000000080000000, 0x0000000100000000)
  region size 1024K, 14 young (14336K), 14 survivors (14336K)
 Metaspace       used 159312K, committed 161728K, reserved 1245184K
  class space    used 20410K, committed 21632K, reserved 1048576K
}
Event: 105.159 GC heap before
{Heap before GC invocations=53 (full 0):
 garbage-first heap   total 339968K, used 245766K [0x0000000080000000, 0x0000000100000000)
  region size 1024K, 43 young (44032K), 14 survivors (14336K)
 Metaspace       used 159429K, committed 161920K, reserved 1245184K
  class space    used 20419K, committed 21696K, reserved 1048576K
}
Event: 105.183 GC heap after
{Heap after GC invocations=54 (full 0):
 garbage-first heap   total 339968K, used 212859K [0x0000000080000000, 0x0000000100000000)
  region size 1024K, 6 young (6144K), 6 survivors (6144K)
 Metaspace       used 159429K, committed 161920K, reserved 1245184K
  class space    used 20419K, committed 21696K, reserved 1048576K
}
Event: 108.620 GC heap before
{Heap before GC invocations=55 (full 0):
 garbage-first heap   total 368640K, used 323451K [0x0000000080000000, 0x0000000100000000)
  region size 1024K, 99 young (101376K), 6 survivors (6144K)
 Metaspace       used 159830K, committed 162304K, reserved 1245184K
  class space    used 20436K, committed 21696K, reserved 1048576K
}
Event: 108.640 GC heap after
{Heap after GC invocations=56 (full 0):
 garbage-first heap   total 368640K, used 229793K [0x0000000080000000, 0x0000000100000000)
  region size 1024K, 13 young (13312K), 13 survivors (13312K)
 Metaspace       used 159830K, committed 162304K, reserved 1245184K
  class space    used 20436K, committed 21696K, reserved 1048576K
}
Event: 123.842 GC heap before
{Heap before GC invocations=56 (full 0):
 garbage-first heap   total 368640K, used 334241K [0x0000000080000000, 0x0000000100000000)
  region size 1024K, 115 young (117760K), 13 survivors (13312K)
 Metaspace       used 167546K, committed 170112K, reserved 1245184K
  class space    used 21100K, committed 22400K, reserved 1048576K
}
Event: 124.749 GC heap after
{Heap after GC invocations=57 (full 0):
 garbage-first heap   total 368640K, used 233295K [0x0000000080000000, 0x0000000100000000)
  region size 1024K, 9 young (9216K), 9 survivors (9216K)
 Metaspace       used 167546K, committed 170112K, reserved 1245184K
  class space    used 21100K, committed 22400K, reserved 1048576K
}
Event: 125.108 GC heap before
{Heap before GC invocations=57 (full 0):
 garbage-first heap   total 368640K, used 239439K [0x0000000080000000, 0x0000000100000000)
  region size 1024K, 16 young (16384K), 9 survivors (9216K)
 Metaspace       used 168010K, committed 170560K, reserved 1245184K
  class space    used 21161K, committed 22464K, reserved 1048576K
}
Event: 125.154 GC heap after
{Heap after GC invocations=58 (full 0):
 garbage-first heap   total 368640K, used 234951K [0x0000000080000000, 0x0000000100000000)
  region size 1024K, 2 young (2048K), 2 survivors (2048K)
 Metaspace       used 168010K, committed 170560K, reserved 1245184K
  class space    used 21161K, committed 22464K, reserved 1048576K
}

