# JRE version: OpenJDK Runtime Environment (21.0.6) (build 21.0.6+-13355223-b631.42)
# Java VM: OpenJDK 64-Bit Server VM (21.0.6+-13355223-b631.42, mixed mode, tiered, compressed oops, compressed class ptrs, g1 gc, windows-amd64)
GC Precious Log:
 CardTable entry size: 512
 Card Set container configuration: InlinePtr #cards 5 size 8 Array Of Cards #cards 12 size 40 Howl #buckets 4 coarsen threshold 1843 Howl Bitmap #cards 512 size 80 coarsen threshold 460 Card regions per heap region 1 cards per card region 2048
 CPUs: 8 total, 8 available
 Memory: 6082M
 Large Page Support: Disabled
 NUMA Support: Disabled
 Compressed Oops: Enabled (32-bit)
 Heap Region Size: 1M
 Heap Min Capacity: 8M
 Heap Initial Capacity: 96M
 Heap Max Capacity: 1522M
 Pre-touch: Disabled
 Parallel Workers: 8
 Concurrent Workers: 2
 Concurrent Refinement Workers: 8
 Periodic GC: Disabled
Heap:
 garbage-first heap   total 178176K, used 129333K [0x00000000a0e00000, 0x0000000100000000)
  region size 1024K, 8 young (8192K), 4 survivors (4096K)
 Metaspace       used 69343K, committed 69696K, reserved 1114112K
  class space    used 7453K, committed 7616K, reserved 1048576K
GC Heap History (20 events):
Event: 20.960 GC heap before
{Heap before GC invocations=26 (full 0):
 garbage-first heap   total 94208K, used 79292K [0x00000000a0e00000, 0x0000000100000000)
  region size 1024K, 23 young (23552K), 3 survivors (3072K)
 Metaspace       used 55376K, committed 55680K, reserved 1114112K
  class space    used 6332K, committed 6464K, reserved 1048576K
}
Event: 20.984 GC heap after
{Heap after GC invocations=27 (full 0):
 garbage-first heap   total 135168K, used 60853K [0x00000000a0e00000, 0x0000000100000000)
  region size 1024K, 3 young (3072K), 3 survivors (3072K)
 Metaspace       used 55376K, committed 55680K, reserved 1114112K
  class space    used 6332K, committed 6464K, reserved 1048576K
}
Event: 22.352 GC heap before
{Heap before GC invocations=27 (full 0):
 garbage-first heap   total 135168K, used 105909K [0x00000000a0e00000, 0x0000000100000000)
  region size 1024K, 47 young (48128K), 3 survivors (3072K)
 Metaspace       used 55768K, committed 56064K, reserved 1114112K
  class space    used 6358K, committed 6464K, reserved 1048576K
}
Event: 22.374 GC heap after
{Heap after GC invocations=28 (full 0):
 garbage-first heap   total 135168K, used 70970K [0x00000000a0e00000, 0x0000000100000000)
  region size 1024K, 6 young (6144K), 6 survivors (6144K)
 Metaspace       used 55768K, committed 56064K, reserved 1114112K
  class space    used 6358K, committed 6464K, reserved 1048576K
}
Event: 22.863 GC heap before
{Heap before GC invocations=28 (full 0):
 garbage-first heap   total 135168K, used 106810K [0x00000000a0e00000, 0x0000000100000000)
  region size 1024K, 41 young (41984K), 6 survivors (6144K)
 Metaspace       used 55768K, committed 56064K, reserved 1114112K
  class space    used 6358K, committed 6464K, reserved 1048576K
}
Event: 22.885 GC heap after
{Heap after GC invocations=29 (full 0):
 garbage-first heap   total 135168K, used 80253K [0x00000000a0e00000, 0x0000000100000000)
  region size 1024K, 6 young (6144K), 6 survivors (6144K)
 Metaspace       used 55768K, committed 56064K, reserved 1114112K
  class space    used 6358K, committed 6464K, reserved 1048576K
}
Event: 23.247 GC heap before
{Heap before GC invocations=29 (full 0):
 garbage-first heap   total 135168K, used 111997K [0x00000000a0e00000, 0x0000000100000000)
  region size 1024K, 37 young (37888K), 6 survivors (6144K)
 Metaspace       used 55768K, committed 56064K, reserved 1114112K
  class space    used 6358K, committed 6464K, reserved 1048576K
}
Event: 23.261 GC heap after
{Heap after GC invocations=30 (full 0):
 garbage-first heap   total 135168K, used 87931K [0x00000000a0e00000, 0x0000000100000000)
  region size 1024K, 5 young (5120K), 5 survivors (5120K)
 Metaspace       used 55768K, committed 56064K, reserved 1114112K
  class space    used 6358K, committed 6464K, reserved 1048576K
}
Event: 25.775 GC heap before
{Heap before GC invocations=31 (full 0):
 garbage-first heap   total 147456K, used 116603K [0x00000000a0e00000, 0x0000000100000000)
  region size 1024K, 33 young (33792K), 5 survivors (5120K)
 Metaspace       used 56680K, committed 56960K, reserved 1114112K
  class space    used 6406K, committed 6528K, reserved 1048576K
}
Event: 25.799 GC heap after
{Heap after GC invocations=32 (full 0):
 garbage-first heap   total 147456K, used 95613K [0x00000000a0e00000, 0x0000000100000000)
  region size 1024K, 5 young (5120K), 5 survivors (5120K)
 Metaspace       used 56680K, committed 56960K, reserved 1114112K
  class space    used 6406K, committed 6528K, reserved 1048576K
}
Event: 26.803 GC heap before
{Heap before GC invocations=32 (full 0):
 garbage-first heap   total 147456K, used 126333K [0x00000000a0e00000, 0x0000000100000000)
  region size 1024K, 35 young (35840K), 5 survivors (5120K)
 Metaspace       used 57071K, committed 57408K, reserved 1114112K
  class space    used 6438K, committed 6592K, reserved 1048576K
}
Event: 26.836 GC heap after
{Heap after GC invocations=33 (full 0):
 garbage-first heap   total 147456K, used 102269K [0x00000000a0e00000, 0x0000000100000000)
  region size 1024K, 5 young (5120K), 5 survivors (5120K)
 Metaspace       used 57071K, committed 57408K, reserved 1114112K
  class space    used 6438K, committed 6592K, reserved 1048576K
}
Event: 29.287 GC heap before
{Heap before GC invocations=33 (full 0):
 garbage-first heap   total 147456K, used 129917K [0x00000000a0e00000, 0x0000000100000000)
  region size 1024K, 32 young (32768K), 5 survivors (5120K)
 Metaspace       used 57927K, committed 58240K, reserved 1114112K
  class space    used 6487K, committed 6592K, reserved 1048576K
}
Event: 29.309 GC heap after
{Heap after GC invocations=34 (full 0):
 garbage-first heap   total 177152K, used 106705K [0x00000000a0e00000, 0x0000000100000000)
  region size 1024K, 4 young (4096K), 4 survivors (4096K)
 Metaspace       used 57927K, committed 58240K, reserved 1114112K
  class space    used 6487K, committed 6592K, reserved 1048576K
}
Event: 31.549 GC heap before
{Heap before GC invocations=35 (full 0):
 garbage-first heap   total 178176K, used 150737K [0x00000000a0e00000, 0x0000000100000000)
  region size 1024K, 48 young (49152K), 4 survivors (4096K)
 Metaspace       used 61382K, committed 61760K, reserved 1114112K
  class space    used 6792K, committed 6976K, reserved 1048576K
}
Event: 31.573 GC heap after
{Heap after GC invocations=36 (full 0):
 garbage-first heap   total 178176K, used 113446K [0x00000000a0e00000, 0x0000000100000000)
  region size 1024K, 6 young (6144K), 6 survivors (6144K)
 Metaspace       used 61382K, committed 61760K, reserved 1114112K
  class space    used 6792K, committed 6976K, reserved 1048576K
}
Event: 34.132 GC heap before
{Heap before GC invocations=36 (full 0):
 garbage-first heap   total 178176K, used 155430K [0x00000000a0e00000, 0x0000000100000000)
  region size 1024K, 47 young (48128K), 6 survivors (6144K)
 Metaspace       used 62167K, committed 62528K, reserved 1114112K
  class space    used 6807K, committed 6976K, reserved 1048576K
}
Event: 34.171 GC heap after
{Heap after GC invocations=37 (full 0):
 garbage-first heap   total 178176K, used 121171K [0x00000000a0e00000, 0x0000000100000000)
  region size 1024K, 6 young (6144K), 6 survivors (6144K)
 Metaspace       used 62167K, committed 62528K, reserved 1114112K
  class space    used 6807K, committed 6976K, reserved 1048576K
}
Event: 35.994 GC heap before
{Heap before GC invocations=37 (full 0):
 garbage-first heap   total 178176K, used 157011K [0x00000000a0e00000, 0x0000000100000000)
  region size 1024K, 41 young (41984K), 6 survivors (6144K)
 Metaspace       used 69187K, committed 69568K, reserved 1114112K
  class space    used 7446K, committed 7616K, reserved 1048576K
}
Event: 36.012 GC heap after
{Heap after GC invocations=38 (full 0):
 garbage-first heap   total 178176K, used 126261K [0x00000000a0e00000, 0x0000000100000000)
  region size 1024K, 4 young (4096K), 4 survivors (4096K)
 Metaspace       used 69187K, committed 69568K, reserved 1114112K
  class space    used 7446K, committed 7616K, reserved 1048576K
}

