# JRE version: OpenJDK Runtime Environment (21.0.6) (build 21.0.6+-13355223-b631.42)
# Java VM: OpenJDK 64-Bit Server VM (21.0.6+-13355223-b631.42, mixed mode, tiered, compressed oops, compressed class ptrs, g1 gc, windows-amd64)
GC Precious Log:
 CardTable entry size: 512
 Card Set container configuration: InlinePtr #cards 5 size 8 Array Of Cards #cards 12 size 40 Howl #buckets 4 coarsen threshold 1843 Howl Bitmap #cards 512 size 80 coarsen threshold 460 Card regions per heap region 1 cards per card region 2048
 CPUs: 8 total, 8 available
 Memory: 6082M
 Large Page Support: Disabled
 NUMA Support: Disabled
 Compressed Oops: Enabled (32-bit)
 Heap Region Size: 1M
 Heap Min Capacity: 8M
 Heap Initial Capacity: 96M
 Heap Max Capacity: 2G
 Pre-touch: Disabled
 Parallel Workers: 8
 Concurrent Workers: 2
 Concurrent Refinement Workers: 8
 Periodic GC: Disabled
Heap:
 garbage-first heap   total 396288K, used 295213K [0x0000000080000000, 0x0000000100000000)
  region size 1024K, 47 young (48128K), 16 survivors (16384K)
 Metaspace       used 152562K, committed 155072K, reserved 1245184K
  class space    used 19722K, committed 20992K, reserved 1048576K
GC Heap History (20 events):
Event: 78.857 GC heap before
{Heap before GC invocations=58 (full 0):
 garbage-first heap   total 306176K, used 281505K [0x0000000080000000, 0x0000000100000000)
  region size 1024K, 101 young (103424K), 8 survivors (8192K)
 Metaspace       used 124491K, committed 126784K, reserved 1179648K
  class space    used 16589K, committed 17728K, reserved 1048576K
}
Event: 78.879 GC heap after
{Heap after GC invocations=59 (full 0):
 garbage-first heap   total 306176K, used 187589K [0x0000000080000000, 0x0000000100000000)
  region size 1024K, 11 young (11264K), 11 survivors (11264K)
 Metaspace       used 124491K, committed 126784K, reserved 1179648K
  class space    used 16589K, committed 17728K, reserved 1048576K
}
Event: 82.345 GC heap before
{Heap before GC invocations=59 (full 0):
 garbage-first heap   total 306176K, used 275653K [0x0000000080000000, 0x0000000100000000)
  region size 1024K, 98 young (100352K), 11 survivors (11264K)
 Metaspace       used 132194K, committed 134592K, reserved 1179648K
  class space    used 17551K, committed 18752K, reserved 1048576K
}
Event: 82.364 GC heap after
{Heap after GC invocations=60 (full 0):
 garbage-first heap   total 306176K, used 192073K [0x0000000080000000, 0x0000000100000000)
  region size 1024K, 10 young (10240K), 10 survivors (10240K)
 Metaspace       used 132194K, committed 134592K, reserved 1179648K
  class space    used 17551K, committed 18752K, reserved 1048576K
}
Event: 84.954 GC heap before
{Heap before GC invocations=61 (full 0):
 garbage-first heap   total 321536K, used 277065K [0x0000000080000000, 0x0000000100000000)
  region size 1024K, 94 young (96256K), 10 survivors (10240K)
 Metaspace       used 133939K, committed 136320K, reserved 1179648K
  class space    used 17735K, committed 18944K, reserved 1048576K
}
Event: 84.983 GC heap after
{Heap after GC invocations=62 (full 0):
 garbage-first heap   total 321536K, used 198081K [0x0000000080000000, 0x0000000100000000)
  region size 1024K, 12 young (12288K), 12 survivors (12288K)
 Metaspace       used 133939K, committed 136320K, reserved 1179648K
  class space    used 17735K, committed 18944K, reserved 1048576K
}
Event: 87.385 GC heap before
{Heap before GC invocations=62 (full 0):
 garbage-first heap   total 321536K, used 291265K [0x0000000080000000, 0x0000000100000000)
  region size 1024K, 103 young (105472K), 12 survivors (12288K)
 Metaspace       used 136419K, committed 138880K, reserved 1179648K
  class space    used 18029K, committed 19264K, reserved 1048576K
}
Event: 87.415 GC heap after
{Heap after GC invocations=63 (full 0):
 garbage-first heap   total 321536K, used 205654K [0x0000000080000000, 0x0000000100000000)
  region size 1024K, 11 young (11264K), 11 survivors (11264K)
 Metaspace       used 136419K, committed 138880K, reserved 1179648K
  class space    used 18029K, committed 19264K, reserved 1048576K
}
Event: 95.419 GC heap before
{Heap before GC invocations=63 (full 0):
 garbage-first heap   total 321536K, used 290646K [0x0000000080000000, 0x0000000100000000)
  region size 1024K, 95 young (97280K), 11 survivors (11264K)
 Metaspace       used 143937K, committed 146496K, reserved 1179648K
  class space    used 18808K, committed 20096K, reserved 1048576K
}
Event: 95.438 GC heap after
{Heap after GC invocations=64 (full 0):
 garbage-first heap   total 321536K, used 212436K [0x0000000080000000, 0x0000000100000000)
  region size 1024K, 7 young (7168K), 7 survivors (7168K)
 Metaspace       used 143937K, committed 146496K, reserved 1179648K
  class space    used 18808K, committed 20096K, reserved 1048576K
}
Event: 415.236 GC heap before
{Heap before GC invocations=65 (full 0):
 garbage-first heap   total 355328K, used 294356K [0x0000000080000000, 0x0000000100000000)
  region size 1024K, 88 young (90112K), 7 survivors (7168K)
 Metaspace       used 145974K, committed 148480K, reserved 1179648K
  class space    used 18979K, committed 20288K, reserved 1048576K
}
Event: 415.438 GC heap after
{Heap after GC invocations=66 (full 0):
 garbage-first heap   total 355328K, used 216574K [0x0000000080000000, 0x0000000100000000)
  region size 1024K, 5 young (5120K), 5 survivors (5120K)
 Metaspace       used 145974K, committed 148480K, reserved 1179648K
  class space    used 18979K, committed 20288K, reserved 1048576K
}
Event: 425.841 GC heap before
{Heap before GC invocations=66 (full 0):
 garbage-first heap   total 355328K, used 329214K [0x0000000080000000, 0x0000000100000000)
  region size 1024K, 116 young (118784K), 5 survivors (5120K)
 Metaspace       used 146496K, committed 149120K, reserved 1179648K
  class space    used 18989K, committed 20352K, reserved 1048576K
}
Event: 425.928 GC heap after
{Heap after GC invocations=67 (full 0):
 garbage-first heap   total 355328K, used 229166K [0x0000000080000000, 0x0000000100000000)
  region size 1024K, 15 young (15360K), 15 survivors (15360K)
 Metaspace       used 146496K, committed 149120K, reserved 1179648K
  class space    used 18989K, committed 20352K, reserved 1048576K
}
Event: 456.790 GC heap before
{Heap before GC invocations=67 (full 0):
 garbage-first heap   total 355328K, used 321326K [0x0000000080000000, 0x0000000100000000)
  region size 1024K, 105 young (107520K), 15 survivors (15360K)
 Metaspace       used 146955K, committed 149568K, reserved 1179648K
  class space    used 19022K, committed 20352K, reserved 1048576K
}
Event: 456.926 GC heap after
{Heap after GC invocations=68 (full 0):
 garbage-first heap   total 355328K, used 234530K [0x0000000080000000, 0x0000000100000000)
  region size 1024K, 8 young (8192K), 8 survivors (8192K)
 Metaspace       used 146955K, committed 149568K, reserved 1179648K
  class space    used 19022K, committed 20352K, reserved 1048576K
}
Event: 469.372 GC heap before
{Heap before GC invocations=69 (full 0):
 garbage-first heap   total 393216K, used 325666K [0x0000000080000000, 0x0000000100000000)
  region size 1024K, 97 young (99328K), 8 survivors (8192K)
 Metaspace       used 149600K, committed 152192K, reserved 1245184K
  class space    used 19386K, committed 20736K, reserved 1048576K
}
Event: 469.431 GC heap after
{Heap after GC invocations=70 (full 0):
 garbage-first heap   total 393216K, used 246015K [0x0000000080000000, 0x0000000100000000)
  region size 1024K, 13 young (13312K), 13 survivors (13312K)
 Metaspace       used 149600K, committed 152192K, reserved 1245184K
  class space    used 19386K, committed 20736K, reserved 1048576K
}
Event: 476.701 GC heap before
{Heap before GC invocations=70 (full 0):
 garbage-first heap   total 393216K, used 357631K [0x0000000080000000, 0x0000000100000000)
  region size 1024K, 123 young (125952K), 13 survivors (13312K)
 Metaspace       used 152458K, committed 155008K, reserved 1245184K
  class space    used 19716K, committed 20992K, reserved 1048576K
}
Event: 476.770 GC heap after
{Heap after GC invocations=71 (full 0):
 garbage-first heap   total 396288K, used 264493K [0x0000000080000000, 0x0000000100000000)
  region size 1024K, 16 young (16384K), 16 survivors (16384K)
 Metaspace       used 152458K, committed 155008K, reserved 1245184K
  class space    used 19716K, committed 20992K, reserved 1048576K
}

